CRITICAL - 2020-08-30 23:01:08 --> Undefined variable: tampil
#0 D:\KELAS 11\php XAMMP 7.3\htdocs\restoran-ci4\ci4\app\Views\menu\cari.php(63): CodeIgniter\Debug\Exceptions->errorHandler(8, 'Undefined varia...', 'D:\\KELAS 11\\php...', 63, Array)
#1 D:\KELAS 11\php XAMMP 7.3\htdocs\restoran-ci4\ci4\system\View\View.php(246): include('D:\\KELAS 11\\php...')
#2 D:\KELAS 11\php XAMMP 7.3\htdocs\restoran-ci4\ci4\system\Common.php(1087): CodeIgniter\View\View->render('menu/cari', Array, true)
#3 D:\KELAS 11\php XAMMP 7.3\htdocs\restoran-ci4\ci4\app\Controllers\Admin\Menu.php(26): view('menu/cari', Array)
#4 D:\KELAS 11\php XAMMP 7.3\htdocs\restoran-ci4\ci4\system\CodeIgniter.php(914): App\Controllers\Admin\Menu->index()
#5 D:\KELAS 11\php XAMMP 7.3\htdocs\restoran-ci4\ci4\system\CodeIgniter.php(400): CodeIgniter\CodeIgniter->runController(Object(App\Controllers\Admin\Menu))
#6 D:\KELAS 11\php XAMMP 7.3\htdocs\restoran-ci4\ci4\system\CodeIgniter.php(308): CodeIgniter\CodeIgniter->handleRequest(NULL, Object(Config\Cache), false)
#7 D:\KELAS 11\php XAMMP 7.3\htdocs\restoran-ci4\index.php(45): CodeIgniter\CodeIgniter->run()
#8 {main}
CRITICAL - 2020-08-30 23:01:24 --> Undefined variable: tampil
#0 D:\KELAS 11\php XAMMP 7.3\htdocs\restoran-ci4\ci4\app\Views\menu\cari.php(63): CodeIgniter\Debug\Exceptions->errorHandler(8, 'Undefined varia...', 'D:\\KELAS 11\\php...', 63, Array)
#1 D:\KELAS 11\php XAMMP 7.3\htdocs\restoran-ci4\ci4\system\View\View.php(246): include('D:\\KELAS 11\\php...')
#2 D:\KELAS 11\php XAMMP 7.3\htdocs\restoran-ci4\ci4\system\Common.php(1087): CodeIgniter\View\View->render('menu/cari', Array, true)
#3 D:\KELAS 11\php XAMMP 7.3\htdocs\restoran-ci4\ci4\app\Controllers\Admin\Menu.php(26): view('menu/cari', Array)
#4 D:\KELAS 11\php XAMMP 7.3\htdocs\restoran-ci4\ci4\system\CodeIgniter.php(914): App\Controllers\Admin\Menu->index()
#5 D:\KELAS 11\php XAMMP 7.3\htdocs\restoran-ci4\ci4\system\CodeIgniter.php(400): CodeIgniter\CodeIgniter->runController(Object(App\Controllers\Admin\Menu))
#6 D:\KELAS 11\php XAMMP 7.3\htdocs\restoran-ci4\ci4\system\CodeIgniter.php(308): CodeIgniter\CodeIgniter->handleRequest(NULL, Object(Config\Cache), false)
#7 D:\KELAS 11\php XAMMP 7.3\htdocs\restoran-ci4\index.php(45): CodeIgniter\CodeIgniter->run()
#8 {main}
