CRITICAL - 2020-09-25 02:25:10 --> Undefined index: email
#0 D:\KELAS 11\php XAMMP 7.3\htdocs\restoran-ci4\ci4\app\Controllers\Admin\User.php(81): CodeIgniter\Debug\Exceptions->errorHandler(8, 'Undefined index...', 'D:\\KELAS 11\\php...', 81, Array)
#1 D:\KELAS 11\php XAMMP 7.3\htdocs\restoran-ci4\ci4\system\CodeIgniter.php(914): App\Controllers\Admin\User->update('8', 1)
#2 D:\KELAS 11\php XAMMP 7.3\htdocs\restoran-ci4\ci4\system\CodeIgniter.php(400): CodeIgniter\CodeIgniter->runController(Object(App\Controllers\Admin\User))
#3 D:\KELAS 11\php XAMMP 7.3\htdocs\restoran-ci4\ci4\system\CodeIgniter.php(308): CodeIgniter\CodeIgniter->handleRequest(NULL, Object(Config\Cache), false)
#4 D:\KELAS 11\php XAMMP 7.3\htdocs\restoran-ci4\index.php(45): CodeIgniter\CodeIgniter->run()
#5 {main}
CRITICAL - 2020-09-25 02:28:50 --> Undefined index: iduser
#0 D:\KELAS 11\php XAMMP 7.3\htdocs\restoran-ci4\ci4\app\Controllers\Admin\User.php(106): CodeIgniter\Debug\Exceptions->errorHandler(8, 'Undefined index...', 'D:\\KELAS 11\\php...', 106, Array)
#1 D:\KELAS 11\php XAMMP 7.3\htdocs\restoran-ci4\ci4\system\CodeIgniter.php(914): App\Controllers\Admin\User->ubah()
#2 D:\KELAS 11\php XAMMP 7.3\htdocs\restoran-ci4\ci4\system\CodeIgniter.php(400): CodeIgniter\CodeIgniter->runController(Object(App\Controllers\Admin\User))
#3 D:\KELAS 11\php XAMMP 7.3\htdocs\restoran-ci4\ci4\system\CodeIgniter.php(308): CodeIgniter\CodeIgniter->handleRequest(NULL, Object(Config\Cache), false)
#4 D:\KELAS 11\php XAMMP 7.3\htdocs\restoran-ci4\index.php(45): CodeIgniter\CodeIgniter->run()
#5 {main}
CRITICAL - 2020-09-25 02:30:26 --> Undefined index: iduser
#0 D:\KELAS 11\php XAMMP 7.3\htdocs\restoran-ci4\ci4\app\Controllers\Admin\User.php(106): CodeIgniter\Debug\Exceptions->errorHandler(8, 'Undefined index...', 'D:\\KELAS 11\\php...', 106, Array)
#1 D:\KELAS 11\php XAMMP 7.3\htdocs\restoran-ci4\ci4\system\CodeIgniter.php(914): App\Controllers\Admin\User->ubah()
#2 D:\KELAS 11\php XAMMP 7.3\htdocs\restoran-ci4\ci4\system\CodeIgniter.php(400): CodeIgniter\CodeIgniter->runController(Object(App\Controllers\Admin\User))
#3 D:\KELAS 11\php XAMMP 7.3\htdocs\restoran-ci4\ci4\system\CodeIgniter.php(308): CodeIgniter\CodeIgniter->handleRequest(NULL, Object(Config\Cache), false)
#4 D:\KELAS 11\php XAMMP 7.3\htdocs\restoran-ci4\index.php(45): CodeIgniter\CodeIgniter->run()
#5 {main}
CRITICAL - 2020-09-25 02:30:51 --> Undefined index: iduser
#0 D:\KELAS 11\php XAMMP 7.3\htdocs\restoran-ci4\ci4\app\Controllers\Admin\User.php(106): CodeIgniter\Debug\Exceptions->errorHandler(8, 'Undefined index...', 'D:\\KELAS 11\\php...', 106, Array)
#1 D:\KELAS 11\php XAMMP 7.3\htdocs\restoran-ci4\ci4\system\CodeIgniter.php(914): App\Controllers\Admin\User->ubah()
#2 D:\KELAS 11\php XAMMP 7.3\htdocs\restoran-ci4\ci4\system\CodeIgniter.php(400): CodeIgniter\CodeIgniter->runController(Object(App\Controllers\Admin\User))
#3 D:\KELAS 11\php XAMMP 7.3\htdocs\restoran-ci4\ci4\system\CodeIgniter.php(308): CodeIgniter\CodeIgniter->handleRequest(NULL, Object(Config\Cache), false)
#4 D:\KELAS 11\php XAMMP 7.3\htdocs\restoran-ci4\index.php(45): CodeIgniter\CodeIgniter->run()
#5 {main}
CRITICAL - 2020-09-25 02:31:30 --> syntax error, unexpected end of file, expecting function (T_FUNCTION) or const (T_CONST)
#0 D:\KELAS 11\php XAMMP 7.3\htdocs\restoran-ci4\ci4\system\Router\Router.php(192): CodeIgniter\Router\Router->autoRoute('admin/user/find...')
#1 D:\KELAS 11\php XAMMP 7.3\htdocs\restoran-ci4\ci4\system\CodeIgniter.php(789): CodeIgniter\Router\Router->handle('admin/user/find...')
#2 D:\KELAS 11\php XAMMP 7.3\htdocs\restoran-ci4\ci4\system\CodeIgniter.php(360): CodeIgniter\CodeIgniter->tryToRouteIt(Object(CodeIgniter\Router\RouteCollection))
#3 D:\KELAS 11\php XAMMP 7.3\htdocs\restoran-ci4\ci4\system\CodeIgniter.php(308): CodeIgniter\CodeIgniter->handleRequest(NULL, Object(Config\Cache), false)
#4 D:\KELAS 11\php XAMMP 7.3\htdocs\restoran-ci4\index.php(45): CodeIgniter\CodeIgniter->run()
#5 {main}
CRITICAL - 2020-09-25 02:31:48 --> Undefined index: iduser
#0 D:\KELAS 11\php XAMMP 7.3\htdocs\restoran-ci4\ci4\app\Controllers\Admin\User.php(106): CodeIgniter\Debug\Exceptions->errorHandler(8, 'Undefined index...', 'D:\\KELAS 11\\php...', 106, Array)
#1 D:\KELAS 11\php XAMMP 7.3\htdocs\restoran-ci4\ci4\system\CodeIgniter.php(914): App\Controllers\Admin\User->ubah()
#2 D:\KELAS 11\php XAMMP 7.3\htdocs\restoran-ci4\ci4\system\CodeIgniter.php(400): CodeIgniter\CodeIgniter->runController(Object(App\Controllers\Admin\User))
#3 D:\KELAS 11\php XAMMP 7.3\htdocs\restoran-ci4\ci4\system\CodeIgniter.php(308): CodeIgniter\CodeIgniter->handleRequest(NULL, Object(Config\Cache), false)
#4 D:\KELAS 11\php XAMMP 7.3\htdocs\restoran-ci4\index.php(45): CodeIgniter\CodeIgniter->run()
#5 {main}
CRITICAL - 2020-09-25 02:34:55 --> Undefined index: iduser
#0 D:\KELAS 11\php XAMMP 7.3\htdocs\restoran-ci4\ci4\app\Controllers\Admin\User.php(106): CodeIgniter\Debug\Exceptions->errorHandler(8, 'Undefined index...', 'D:\\KELAS 11\\php...', 106, Array)
#1 D:\KELAS 11\php XAMMP 7.3\htdocs\restoran-ci4\ci4\system\CodeIgniter.php(914): App\Controllers\Admin\User->ubah()
#2 D:\KELAS 11\php XAMMP 7.3\htdocs\restoran-ci4\ci4\system\CodeIgniter.php(400): CodeIgniter\CodeIgniter->runController(Object(App\Controllers\Admin\User))
#3 D:\KELAS 11\php XAMMP 7.3\htdocs\restoran-ci4\ci4\system\CodeIgniter.php(308): CodeIgniter\CodeIgniter->handleRequest(NULL, Object(Config\Cache), false)
#4 D:\KELAS 11\php XAMMP 7.3\htdocs\restoran-ci4\index.php(45): CodeIgniter\CodeIgniter->run()
#5 {main}
CRITICAL - 2020-09-25 02:36:28 --> Undefined index: iduser
#0 D:\KELAS 11\php XAMMP 7.3\htdocs\restoran-ci4\ci4\app\Controllers\Admin\User.php(108): CodeIgniter\Debug\Exceptions->errorHandler(8, 'Undefined index...', 'D:\\KELAS 11\\php...', 108, Array)
#1 D:\KELAS 11\php XAMMP 7.3\htdocs\restoran-ci4\ci4\system\CodeIgniter.php(914): App\Controllers\Admin\User->ubah()
#2 D:\KELAS 11\php XAMMP 7.3\htdocs\restoran-ci4\ci4\system\CodeIgniter.php(400): CodeIgniter\CodeIgniter->runController(Object(App\Controllers\Admin\User))
#3 D:\KELAS 11\php XAMMP 7.3\htdocs\restoran-ci4\ci4\system\CodeIgniter.php(308): CodeIgniter\CodeIgniter->handleRequest(NULL, Object(Config\Cache), false)
#4 D:\KELAS 11\php XAMMP 7.3\htdocs\restoran-ci4\index.php(45): CodeIgniter\CodeIgniter->run()
#5 {main}
CRITICAL - 2020-09-25 02:36:42 --> Undefined index: iduser
#0 D:\KELAS 11\php XAMMP 7.3\htdocs\restoran-ci4\ci4\app\Controllers\Admin\User.php(108): CodeIgniter\Debug\Exceptions->errorHandler(8, 'Undefined index...', 'D:\\KELAS 11\\php...', 108, Array)
#1 D:\KELAS 11\php XAMMP 7.3\htdocs\restoran-ci4\ci4\system\CodeIgniter.php(914): App\Controllers\Admin\User->ubah()
#2 D:\KELAS 11\php XAMMP 7.3\htdocs\restoran-ci4\ci4\system\CodeIgniter.php(400): CodeIgniter\CodeIgniter->runController(Object(App\Controllers\Admin\User))
#3 D:\KELAS 11\php XAMMP 7.3\htdocs\restoran-ci4\ci4\system\CodeIgniter.php(308): CodeIgniter\CodeIgniter->handleRequest(NULL, Object(Config\Cache), false)
#4 D:\KELAS 11\php XAMMP 7.3\htdocs\restoran-ci4\index.php(45): CodeIgniter\CodeIgniter->run()
#5 {main}
CRITICAL - 2020-09-25 02:38:04 --> Undefined index: iduser
#0 D:\KELAS 11\php XAMMP 7.3\htdocs\restoran-ci4\ci4\app\Controllers\Admin\User.php(103): CodeIgniter\Debug\Exceptions->errorHandler(8, 'Undefined index...', 'D:\\KELAS 11\\php...', 103, Array)
#1 D:\KELAS 11\php XAMMP 7.3\htdocs\restoran-ci4\ci4\system\CodeIgniter.php(914): App\Controllers\Admin\User->ubah()
#2 D:\KELAS 11\php XAMMP 7.3\htdocs\restoran-ci4\ci4\system\CodeIgniter.php(400): CodeIgniter\CodeIgniter->runController(Object(App\Controllers\Admin\User))
#3 D:\KELAS 11\php XAMMP 7.3\htdocs\restoran-ci4\ci4\system\CodeIgniter.php(308): CodeIgniter\CodeIgniter->handleRequest(NULL, Object(Config\Cache), false)
#4 D:\KELAS 11\php XAMMP 7.3\htdocs\restoran-ci4\index.php(45): CodeIgniter\CodeIgniter->run()
#5 {main}
CRITICAL - 2020-09-25 03:17:08 --> syntax error, unexpected '}'
#0 D:\KELAS 11\php XAMMP 7.3\htdocs\restoran-ci4\ci4\system\Router\Router.php(192): CodeIgniter\Router\Router->autoRoute('admin/login')
#1 D:\KELAS 11\php XAMMP 7.3\htdocs\restoran-ci4\ci4\system\CodeIgniter.php(789): CodeIgniter\Router\Router->handle('admin/login')
#2 D:\KELAS 11\php XAMMP 7.3\htdocs\restoran-ci4\ci4\system\CodeIgniter.php(360): CodeIgniter\CodeIgniter->tryToRouteIt(Object(CodeIgniter\Router\RouteCollection))
#3 D:\KELAS 11\php XAMMP 7.3\htdocs\restoran-ci4\ci4\system\CodeIgniter.php(308): CodeIgniter\CodeIgniter->handleRequest(NULL, Object(Config\Cache), false)
#4 D:\KELAS 11\php XAMMP 7.3\htdocs\restoran-ci4\index.php(45): CodeIgniter\CodeIgniter->run()
#5 {main}
