CRITICAL - 2020-06-11 01:51:48 --> Cannot use object of type stdClass as array
#0 D:\KELAS 11\php XAMMP 7.3\htdocs\restoran-ci4\ci4\system\View\View.php(246): include()
#1 D:\KELAS 11\php XAMMP 7.3\htdocs\restoran-ci4\ci4\system\Common.php(1087): CodeIgniter\View\View->render('kategori/coba', Array, true)
#2 D:\KELAS 11\php XAMMP 7.3\htdocs\restoran-ci4\ci4\app\Controllers\Admin\Bowo.php(21): view('kategori/coba', Array)
#3 D:\KELAS 11\php XAMMP 7.3\htdocs\restoran-ci4\ci4\system\CodeIgniter.php(914): App\Controllers\Admin\Bowo->index()
#4 D:\KELAS 11\php XAMMP 7.3\htdocs\restoran-ci4\ci4\system\CodeIgniter.php(400): CodeIgniter\CodeIgniter->runController(Object(App\Controllers\Admin\Bowo))
#5 D:\KELAS 11\php XAMMP 7.3\htdocs\restoran-ci4\ci4\system\CodeIgniter.php(308): CodeIgniter\CodeIgniter->handleRequest(NULL, Object(Config\Cache), false)
#6 D:\KELAS 11\php XAMMP 7.3\htdocs\restoran-ci4\index.php(45): CodeIgniter\CodeIgniter->run()
#7 {main}
CRITICAL - 2020-06-11 02:01:12 --> Undefined property: App\Controllers\Admin\Bowo::$db
#0 D:\KELAS 11\php XAMMP 7.3\htdocs\restoran-ci4\ci4\app\Controllers\Admin\Bowo.php(20): CodeIgniter\Debug\Exceptions->errorHandler(8, 'Undefined prope...', 'D:\\KELAS 11\\php...', 20, Array)
#1 D:\KELAS 11\php XAMMP 7.3\htdocs\restoran-ci4\ci4\system\CodeIgniter.php(914): App\Controllers\Admin\Bowo->index()
#2 D:\KELAS 11\php XAMMP 7.3\htdocs\restoran-ci4\ci4\system\CodeIgniter.php(400): CodeIgniter\CodeIgniter->runController(Object(App\Controllers\Admin\Bowo))
#3 D:\KELAS 11\php XAMMP 7.3\htdocs\restoran-ci4\ci4\system\CodeIgniter.php(308): CodeIgniter\CodeIgniter->handleRequest(NULL, Object(Config\Cache), false)
#4 D:\KELAS 11\php XAMMP 7.3\htdocs\restoran-ci4\index.php(45): CodeIgniter\CodeIgniter->run()
#5 {main}
CRITICAL - 2020-06-11 02:02:13 --> You must set the database table to be used with your query.
#0 D:\KELAS 11\php XAMMP 7.3\htdocs\restoran-ci4\ci4\system\Model.php(1206): CodeIgniter\Database\BaseConnection->table(NULL)
#1 D:\KELAS 11\php XAMMP 7.3\htdocs\restoran-ci4\ci4\system\Model.php(1714): CodeIgniter\Model->builder()
#2 D:\KELAS 11\php XAMMP 7.3\htdocs\restoran-ci4\ci4\app\Controllers\Admin\Bowo.php(21): CodeIgniter\Model->__call('get', Array)
#3 D:\KELAS 11\php XAMMP 7.3\htdocs\restoran-ci4\ci4\system\CodeIgniter.php(914): App\Controllers\Admin\Bowo->index()
#4 D:\KELAS 11\php XAMMP 7.3\htdocs\restoran-ci4\ci4\system\CodeIgniter.php(400): CodeIgniter\CodeIgniter->runController(Object(App\Controllers\Admin\Bowo))
#5 D:\KELAS 11\php XAMMP 7.3\htdocs\restoran-ci4\ci4\system\CodeIgniter.php(308): CodeIgniter\CodeIgniter->handleRequest(NULL, Object(Config\Cache), false)
#6 D:\KELAS 11\php XAMMP 7.3\htdocs\restoran-ci4\index.php(45): CodeIgniter\CodeIgniter->run()
#7 {main}
CRITICAL - 2020-06-11 02:03:04 --> Undefined property: App\Controllers\Admin\Bowo::$db
#0 D:\KELAS 11\php XAMMP 7.3\htdocs\restoran-ci4\ci4\app\Controllers\Admin\Bowo.php(34): CodeIgniter\Debug\Exceptions->errorHandler(8, 'Undefined prope...', 'D:\\KELAS 11\\php...', 34, Array)
#1 D:\KELAS 11\php XAMMP 7.3\htdocs\restoran-ci4\ci4\app\Controllers\Admin\Bowo.php(28): App\Controllers\Admin\Bowo->okky()
#2 D:\KELAS 11\php XAMMP 7.3\htdocs\restoran-ci4\ci4\system\CodeIgniter.php(914): App\Controllers\Admin\Bowo->index()
#3 D:\KELAS 11\php XAMMP 7.3\htdocs\restoran-ci4\ci4\system\CodeIgniter.php(400): CodeIgniter\CodeIgniter->runController(Object(App\Controllers\Admin\Bowo))
#4 D:\KELAS 11\php XAMMP 7.3\htdocs\restoran-ci4\ci4\system\CodeIgniter.php(308): CodeIgniter\CodeIgniter->handleRequest(NULL, Object(Config\Cache), false)
#5 D:\KELAS 11\php XAMMP 7.3\htdocs\restoran-ci4\index.php(45): CodeIgniter\CodeIgniter->run()
#6 {main}
CRITICAL - 2020-06-11 02:03:39 --> You must set the database table to be used with your query.
#0 D:\KELAS 11\php XAMMP 7.3\htdocs\restoran-ci4\ci4\system\Model.php(1206): CodeIgniter\Database\BaseConnection->table(NULL)
#1 D:\KELAS 11\php XAMMP 7.3\htdocs\restoran-ci4\ci4\system\Model.php(1714): CodeIgniter\Model->builder()
#2 D:\KELAS 11\php XAMMP 7.3\htdocs\restoran-ci4\ci4\app\Controllers\Admin\Bowo.php(22): CodeIgniter\Model->__call('get', Array)
#3 D:\KELAS 11\php XAMMP 7.3\htdocs\restoran-ci4\ci4\system\CodeIgniter.php(914): App\Controllers\Admin\Bowo->index()
#4 D:\KELAS 11\php XAMMP 7.3\htdocs\restoran-ci4\ci4\system\CodeIgniter.php(400): CodeIgniter\CodeIgniter->runController(Object(App\Controllers\Admin\Bowo))
#5 D:\KELAS 11\php XAMMP 7.3\htdocs\restoran-ci4\ci4\system\CodeIgniter.php(308): CodeIgniter\CodeIgniter->handleRequest(NULL, Object(Config\Cache), false)
#6 D:\KELAS 11\php XAMMP 7.3\htdocs\restoran-ci4\index.php(45): CodeIgniter\CodeIgniter->run()
#7 {main}
